Building DAG of jobs...
Using shell: /usr/bin/bash
Provided cores: 1 (use --cores to define parallelism)
Rules claiming more threads will be scaled down.
Job stats:
job          count    min threads    max threads
---------  -------  -------------  -------------
run_model        1              1              1
total            1              1              1

Select jobs to execute...

[Wed Sep 14 13:35:54 2022]
rule run_model:
    output: hello_1.txt
    jobid: 0
    reason: Missing output files: hello_1.txt
    resources: tmpdir=/tmp

[Wed Sep 14 13:35:55 2022]
Finished job 0.
1 of 1 steps (100%) done
Complete log: .snakemake/log/2022-09-14T133554.405318.snakemake.log
