Building DAG of jobs...
Using shell: /usr/bin/bash
Provided cores: 1 (use --cores to define parallelism)
Rules claiming more threads will be scaled down.
Job stats:
job          count    min threads    max threads
---------  -------  -------------  -------------
run_model        1              1              1
total            1              1              1

Select jobs to execute...

[Wed Sep 14 13:30:20 2022]
rule run_model:
    input: hello.txt
    jobid: 0
    reason: Rules with a run or shell declaration but no output are always executed.
    resources: tmpdir=/tmp

Activating singularity image ./lolcow.sif
[Wed Sep 14 13:30:21 2022]
Error in rule run_model:
    jobid: 0
    shell:
        import tensorflow as tf
        (one of the commands exited with non-zero exit code; note that snakemake uses bash strict mode!)

Shutting down, this might take some time.
Exiting because a job execution failed. Look above for error message
Complete log: .snakemake/log/2022-09-14T133020.605446.snakemake.log
